   1              		.cpu cortex-m0
   2              		.fpu softvfp
   3              		.eabi_attribute 20, 1
   4              		.eabi_attribute 21, 1
   5              		.eabi_attribute 23, 3
   6              		.eabi_attribute 24, 1
   7              		.eabi_attribute 25, 1
   8              		.eabi_attribute 26, 1
   9              		.eabi_attribute 30, 4
  10              		.eabi_attribute 34, 0
  11              		.eabi_attribute 18, 4
  12              		.code	16
  13              		.file	"BitIoLdd3.c"
  14              		.text
  15              	.Ltext0:
  16              		.cfi_sections	.debug_frame
  17              		.section	.text.BitIoLdd3_Init,"ax",%progbits
  18              		.align	1
  19              		.global	BitIoLdd3_Init
  20              		.code	16
  21              		.thumb_func
  23              	BitIoLdd3_Init:
  24              	.LFB0:
  25              		.file 1 "../Generated_Code/BitIoLdd3.c"
   1:../Generated_Code/BitIoLdd3.c **** /* ###################################################################
   2:../Generated_Code/BitIoLdd3.c **** **     THIS COMPONENT MODULE IS GENERATED BY THE TOOL. DO NOT MODIFY IT.
   3:../Generated_Code/BitIoLdd3.c **** **     Filename    : BitIoLdd3.c
   4:../Generated_Code/BitIoLdd3.c **** **     Project     : ProcessorExpert
   5:../Generated_Code/BitIoLdd3.c **** **     Processor   : MKL25Z128VLK4
   6:../Generated_Code/BitIoLdd3.c **** **     Component   : BitIO_LDD
   7:../Generated_Code/BitIoLdd3.c **** **     Version     : Component 01.033, Driver 01.03, CPU db: 3.00.000
   8:../Generated_Code/BitIoLdd3.c **** **     Compiler    : GNU C Compiler
   9:../Generated_Code/BitIoLdd3.c **** **     Date/Time   : 2014-10-03, 19:02, # CodeGen: 1
  10:../Generated_Code/BitIoLdd3.c **** **     Abstract    :
  11:../Generated_Code/BitIoLdd3.c **** **         The HAL BitIO component provides a low level API for unified
  12:../Generated_Code/BitIoLdd3.c **** **         access to general purpose digital input/output pins across
  13:../Generated_Code/BitIoLdd3.c **** **         various device designs.
  14:../Generated_Code/BitIoLdd3.c **** **
  15:../Generated_Code/BitIoLdd3.c **** **         RTOS drivers using HAL BitIO API are simpler and more
  16:../Generated_Code/BitIoLdd3.c **** **         portable to various microprocessors.
  17:../Generated_Code/BitIoLdd3.c **** **     Settings    :
  18:../Generated_Code/BitIoLdd3.c **** **          Component name                                 : BitIoLdd3
  19:../Generated_Code/BitIoLdd3.c **** **          Pin for I/O                                    : TSI0_CH11/PTB18/TPM2_CH0
  20:../Generated_Code/BitIoLdd3.c **** **          Pin signal                                     : LED_RED
  21:../Generated_Code/BitIoLdd3.c **** **          Direction                                      : Output
  22:../Generated_Code/BitIoLdd3.c **** **          Initialization                                 : 
  23:../Generated_Code/BitIoLdd3.c **** **            Init. direction                              : Output
  24:../Generated_Code/BitIoLdd3.c **** **            Init. value                                  : 0
  25:../Generated_Code/BitIoLdd3.c **** **            Auto initialization                          : yes
  26:../Generated_Code/BitIoLdd3.c **** **          Safe mode                                      : yes
  27:../Generated_Code/BitIoLdd3.c **** **     Contents    :
  28:../Generated_Code/BitIoLdd3.c **** **         Init   - LDD_TDeviceData* BitIoLdd3_Init(LDD_TUserData *UserDataPtr);
  29:../Generated_Code/BitIoLdd3.c **** **         GetVal - bool BitIoLdd3_GetVal(LDD_TDeviceData *DeviceDataPtr);
  30:../Generated_Code/BitIoLdd3.c **** **         ClrVal - void BitIoLdd3_ClrVal(LDD_TDeviceData *DeviceDataPtr);
  31:../Generated_Code/BitIoLdd3.c **** **         SetVal - void BitIoLdd3_SetVal(LDD_TDeviceData *DeviceDataPtr);
  32:../Generated_Code/BitIoLdd3.c **** **         NegVal - void BitIoLdd3_NegVal(LDD_TDeviceData *DeviceDataPtr);
  33:../Generated_Code/BitIoLdd3.c **** **
  34:../Generated_Code/BitIoLdd3.c **** **     Copyright : 1997 - 2014 Freescale Semiconductor, Inc. 
  35:../Generated_Code/BitIoLdd3.c **** **     All Rights Reserved.
  36:../Generated_Code/BitIoLdd3.c **** **     
  37:../Generated_Code/BitIoLdd3.c **** **     Redistribution and use in source and binary forms, with or without modification,
  38:../Generated_Code/BitIoLdd3.c **** **     are permitted provided that the following conditions are met:
  39:../Generated_Code/BitIoLdd3.c **** **     
  40:../Generated_Code/BitIoLdd3.c **** **     o Redistributions of source code must retain the above copyright notice, this list
  41:../Generated_Code/BitIoLdd3.c **** **       of conditions and the following disclaimer.
  42:../Generated_Code/BitIoLdd3.c **** **     
  43:../Generated_Code/BitIoLdd3.c **** **     o Redistributions in binary form must reproduce the above copyright notice, this
  44:../Generated_Code/BitIoLdd3.c **** **       list of conditions and the following disclaimer in the documentation and/or
  45:../Generated_Code/BitIoLdd3.c **** **       other materials provided with the distribution.
  46:../Generated_Code/BitIoLdd3.c **** **     
  47:../Generated_Code/BitIoLdd3.c **** **     o Neither the name of Freescale Semiconductor, Inc. nor the names of its
  48:../Generated_Code/BitIoLdd3.c **** **       contributors may be used to endorse or promote products derived from this
  49:../Generated_Code/BitIoLdd3.c **** **       software without specific prior written permission.
  50:../Generated_Code/BitIoLdd3.c **** **     
  51:../Generated_Code/BitIoLdd3.c **** **     THIS SOFTWARE IS PROVIDED BY THE COPYRIGHT HOLDERS AND CONTRIBUTORS "AS IS" AND
  52:../Generated_Code/BitIoLdd3.c **** **     ANY EXPRESS OR IMPLIED WARRANTIES, INCLUDING, BUT NOT LIMITED TO, THE IMPLIED
  53:../Generated_Code/BitIoLdd3.c **** **     WARRANTIES OF MERCHANTABILITY AND FITNESS FOR A PARTICULAR PURPOSE ARE
  54:../Generated_Code/BitIoLdd3.c **** **     DISCLAIMED. IN NO EVENT SHALL THE COPYRIGHT HOLDER OR CONTRIBUTORS BE LIABLE FOR
  55:../Generated_Code/BitIoLdd3.c **** **     ANY DIRECT, INDIRECT, INCIDENTAL, SPECIAL, EXEMPLARY, OR CONSEQUENTIAL DAMAGES
  56:../Generated_Code/BitIoLdd3.c **** **     (INCLUDING, BUT NOT LIMITED TO, PROCUREMENT OF SUBSTITUTE GOODS OR SERVICES;
  57:../Generated_Code/BitIoLdd3.c **** **     LOSS OF USE, DATA, OR PROFITS; OR BUSINESS INTERRUPTION) HOWEVER CAUSED AND ON
  58:../Generated_Code/BitIoLdd3.c **** **     ANY THEORY OF LIABILITY, WHETHER IN CONTRACT, STRICT LIABILITY, OR TORT
  59:../Generated_Code/BitIoLdd3.c **** **     (INCLUDING NEGLIGENCE OR OTHERWISE) ARISING IN ANY WAY OUT OF THE USE OF THIS
  60:../Generated_Code/BitIoLdd3.c **** **     SOFTWARE, EVEN IF ADVISED OF THE POSSIBILITY OF SUCH DAMAGE.
  61:../Generated_Code/BitIoLdd3.c **** **     
  62:../Generated_Code/BitIoLdd3.c **** **     http: www.freescale.com
  63:../Generated_Code/BitIoLdd3.c **** **     mail: support@freescale.com
  64:../Generated_Code/BitIoLdd3.c **** ** ###################################################################*/
  65:../Generated_Code/BitIoLdd3.c **** /*!
  66:../Generated_Code/BitIoLdd3.c **** ** @file BitIoLdd3.c
  67:../Generated_Code/BitIoLdd3.c **** ** @version 01.03
  68:../Generated_Code/BitIoLdd3.c **** ** @brief
  69:../Generated_Code/BitIoLdd3.c **** **         The HAL BitIO component provides a low level API for unified
  70:../Generated_Code/BitIoLdd3.c **** **         access to general purpose digital input/output pins across
  71:../Generated_Code/BitIoLdd3.c **** **         various device designs.
  72:../Generated_Code/BitIoLdd3.c **** **
  73:../Generated_Code/BitIoLdd3.c **** **         RTOS drivers using HAL BitIO API are simpler and more
  74:../Generated_Code/BitIoLdd3.c **** **         portable to various microprocessors.
  75:../Generated_Code/BitIoLdd3.c **** */         
  76:../Generated_Code/BitIoLdd3.c **** /*!
  77:../Generated_Code/BitIoLdd3.c **** **  @addtogroup BitIoLdd3_module BitIoLdd3 module documentation
  78:../Generated_Code/BitIoLdd3.c **** **  @{
  79:../Generated_Code/BitIoLdd3.c **** */         
  80:../Generated_Code/BitIoLdd3.c **** 
  81:../Generated_Code/BitIoLdd3.c **** /* MODULE BitIoLdd3. */
  82:../Generated_Code/BitIoLdd3.c **** 
  83:../Generated_Code/BitIoLdd3.c **** #include "FreeRTOS.h" /* FreeRTOS interface */
  84:../Generated_Code/BitIoLdd3.c **** #include "BitIoLdd3.h"
  85:../Generated_Code/BitIoLdd3.c **** 
  86:../Generated_Code/BitIoLdd3.c **** #ifdef __cplusplus
  87:../Generated_Code/BitIoLdd3.c **** extern "C" {
  88:../Generated_Code/BitIoLdd3.c **** #endif 
  89:../Generated_Code/BitIoLdd3.c **** 
  90:../Generated_Code/BitIoLdd3.c **** typedef struct {
  91:../Generated_Code/BitIoLdd3.c ****   LDD_TUserData *UserDataPtr;          /* Pointer to user data */
  92:../Generated_Code/BitIoLdd3.c **** } BitIoLdd3_TDeviceData;               /* Device data structure type */
  93:../Generated_Code/BitIoLdd3.c **** 
  94:../Generated_Code/BitIoLdd3.c **** typedef BitIoLdd3_TDeviceData *BitIoLdd3_TDeviceDataPtr ; /* Pointer to the device data structure. 
  95:../Generated_Code/BitIoLdd3.c **** 
  96:../Generated_Code/BitIoLdd3.c **** /*
  97:../Generated_Code/BitIoLdd3.c **** ** ===================================================================
  98:../Generated_Code/BitIoLdd3.c **** **     Method      :  BitIoLdd3_Init (component BitIO_LDD)
  99:../Generated_Code/BitIoLdd3.c **** */
 100:../Generated_Code/BitIoLdd3.c **** /*!
 101:../Generated_Code/BitIoLdd3.c **** **     @brief
 102:../Generated_Code/BitIoLdd3.c **** **         Initializes the device. Allocates memory for the device data
 103:../Generated_Code/BitIoLdd3.c **** **         structure, allocates interrupt vectors and sets interrupt
 104:../Generated_Code/BitIoLdd3.c **** **         priority, sets pin routing, sets timing, etc. If the "Enable
 105:../Generated_Code/BitIoLdd3.c **** **         in init. code" is set to "yes" value then the device is also
 106:../Generated_Code/BitIoLdd3.c **** **         enabled(see the description of the Enable() method). In this
 107:../Generated_Code/BitIoLdd3.c **** **         case the Enable() method is not necessary and needn't to be
 108:../Generated_Code/BitIoLdd3.c **** **         generated. 
 109:../Generated_Code/BitIoLdd3.c **** **     @param
 110:../Generated_Code/BitIoLdd3.c **** **         UserDataPtr     - Pointer to the user or
 111:../Generated_Code/BitIoLdd3.c **** **                           RTOS specific data. This pointer will be
 112:../Generated_Code/BitIoLdd3.c **** **                           passed as an event or callback parameter.
 113:../Generated_Code/BitIoLdd3.c **** **     @return
 114:../Generated_Code/BitIoLdd3.c **** **                         - Pointer to the dynamically allocated private
 115:../Generated_Code/BitIoLdd3.c **** **                           structure or NULL if there was an error.
 116:../Generated_Code/BitIoLdd3.c **** */
 117:../Generated_Code/BitIoLdd3.c **** /* ===================================================================*/
 118:../Generated_Code/BitIoLdd3.c **** LDD_TDeviceData* BitIoLdd3_Init(LDD_TUserData *UserDataPtr)
 119:../Generated_Code/BitIoLdd3.c **** {
  26              		.loc 1 119 0
  27              		.cfi_startproc
  28              	.LVL0:
  29 0000 10B5     		push	{r4, lr}
  30              	.LCFI0:
  31              		.cfi_def_cfa_offset 8
  32              		.cfi_offset 4, -8
  33              		.cfi_offset 14, -4
  34              		.loc 1 119 0
  35 0002 041C     		mov	r4, r0
 120:../Generated_Code/BitIoLdd3.c ****   /* Allocate device structure */
 121:../Generated_Code/BitIoLdd3.c ****   BitIoLdd3_TDeviceDataPtr DeviceDataPrv;
 122:../Generated_Code/BitIoLdd3.c **** 
 123:../Generated_Code/BitIoLdd3.c ****   /* {FreeRTOS RTOS Adapter} Driver memory allocation: RTOS function call is defined by FreeRTOS RT
 124:../Generated_Code/BitIoLdd3.c ****   DeviceDataPrv = (BitIoLdd3_TDeviceData *)pvPortMalloc(sizeof(BitIoLdd3_TDeviceData));
  36              		.loc 1 124 0
  37 0004 0420     		mov	r0, #4
  38              	.LVL1:
  39 0006 FFF7FEFF 		bl	pvPortMalloc
  40              	.LVL2:
 125:../Generated_Code/BitIoLdd3.c ****   #if FreeRTOS_CHECK_MEMORY_ALLOCATION_ERRORS
 126:../Generated_Code/BitIoLdd3.c ****   if (DeviceDataPrv == NULL) {
 127:../Generated_Code/BitIoLdd3.c ****     return (NULL);
 128:../Generated_Code/BitIoLdd3.c ****   }
 129:../Generated_Code/BitIoLdd3.c ****   #endif
 130:../Generated_Code/BitIoLdd3.c ****   DeviceDataPrv->UserDataPtr = UserDataPtr; /* Store the RTOS device structure */
 131:../Generated_Code/BitIoLdd3.c ****   /* Configure pin as output */
 132:../Generated_Code/BitIoLdd3.c ****   /* GPIOB_PDDR: PDD|=0x00040000 */
 133:../Generated_Code/BitIoLdd3.c ****   GPIOB_PDDR |= GPIO_PDDR_PDD(0x00040000);
  41              		.loc 1 133 0
  42 000a 0B4B     		ldr	r3, .L2
  43 000c 8022     		mov	r2, #128
  44 000e 5969     		ldr	r1, [r3, #20]
 130:../Generated_Code/BitIoLdd3.c ****   DeviceDataPrv->UserDataPtr = UserDataPtr; /* Store the RTOS device structure */
  45              		.loc 1 130 0
  46 0010 0460     		str	r4, [r0]
  47              		.loc 1 133 0
  48 0012 D402     		lsl	r4, r2, #11
  49              	.LVL3:
  50 0014 0C43     		orr	r4, r1
  51 0016 5C61     		str	r4, [r3, #20]
 134:../Generated_Code/BitIoLdd3.c ****   /* Set initialization value */
 135:../Generated_Code/BitIoLdd3.c ****   /* GPIOB_PDOR: PDO&=~0x00040000 */
 136:../Generated_Code/BitIoLdd3.c ****   GPIOB_PDOR &= (uint32_t)~(uint32_t)(GPIO_PDOR_PDO(0x00040000));
  52              		.loc 1 136 0
  53 0018 1968     		ldr	r1, [r3]
  54 001a 084A     		ldr	r2, .L2+4
 137:../Generated_Code/BitIoLdd3.c ****   /* Initialization of Port Control register */
 138:../Generated_Code/BitIoLdd3.c ****   /* PORTB_PCR18: ISF=0,MUX=1 */
 139:../Generated_Code/BitIoLdd3.c ****   PORTB_PCR18 = (uint32_t)((PORTB_PCR18 & (uint32_t)~(uint32_t)(
 140:../Generated_Code/BitIoLdd3.c ****                  PORT_PCR_ISF_MASK |
 141:../Generated_Code/BitIoLdd3.c ****                  PORT_PCR_MUX(0x06)
 142:../Generated_Code/BitIoLdd3.c ****                 )) | (uint32_t)(
 143:../Generated_Code/BitIoLdd3.c ****                  PORT_PCR_MUX(0x01)
 144:../Generated_Code/BitIoLdd3.c ****                 ));
 145:../Generated_Code/BitIoLdd3.c ****   /* Registration of the device structure */
 146:../Generated_Code/BitIoLdd3.c ****   PE_LDD_RegisterDeviceStructure(PE_LDD_COMPONENT_BitIoLdd3_ID,DeviceDataPrv);
 147:../Generated_Code/BitIoLdd3.c ****   return ((LDD_TDeviceData *)DeviceDataPrv);
 148:../Generated_Code/BitIoLdd3.c **** }
  55              		.loc 1 148 0
  56              		@ sp needed for prologue
 136:../Generated_Code/BitIoLdd3.c ****   GPIOB_PDOR &= (uint32_t)~(uint32_t)(GPIO_PDOR_PDO(0x00040000));
  57              		.loc 1 136 0
  58 001c 0A40     		and	r2, r1
  59 001e 1A60     		str	r2, [r3]
 139:../Generated_Code/BitIoLdd3.c ****   PORTB_PCR18 = (uint32_t)((PORTB_PCR18 & (uint32_t)~(uint32_t)(
  60              		.loc 1 139 0
  61 0020 074B     		ldr	r3, .L2+8
  62 0022 084A     		ldr	r2, .L2+12
  63 0024 9C6C     		ldr	r4, [r3, #72]
  64 0026 8021     		mov	r1, #128
  65 0028 2240     		and	r2, r4
  66 002a 4C00     		lsl	r4, r1, #1
  67 002c 2243     		orr	r2, r4
  68 002e 9A64     		str	r2, [r3, #72]
 146:../Generated_Code/BitIoLdd3.c ****   PE_LDD_RegisterDeviceStructure(PE_LDD_COMPONENT_BitIoLdd3_ID,DeviceDataPrv);
  69              		.loc 1 146 0
  70 0030 054B     		ldr	r3, .L2+16
  71 0032 5860     		str	r0, [r3, #4]
  72              		.loc 1 148 0
  73 0034 10BD     		pop	{r4, pc}
  74              	.L3:
  75 0036 C046     		.align	2
  76              	.L2:
  77 0038 40F00F40 		.word	1074786368
  78 003c FFFFFBFF 		.word	-262145
  79 0040 00A00440 		.word	1074044928
  80 0044 FFF8FFFE 		.word	-16779009
  81 0048 00000000 		.word	PE_LDD_DeviceDataList
  82              		.cfi_endproc
  83              	.LFE0:
  85              		.section	.text.BitIoLdd3_GetVal,"ax",%progbits
  86              		.align	1
  87              		.global	BitIoLdd3_GetVal
  88              		.code	16
  89              		.thumb_func
  91              	BitIoLdd3_GetVal:
  92              	.LFB1:
 149:../Generated_Code/BitIoLdd3.c **** /*
 150:../Generated_Code/BitIoLdd3.c **** ** ===================================================================
 151:../Generated_Code/BitIoLdd3.c **** **     Method      :  BitIoLdd3_GetVal (component BitIO_LDD)
 152:../Generated_Code/BitIoLdd3.c **** */
 153:../Generated_Code/BitIoLdd3.c **** /*!
 154:../Generated_Code/BitIoLdd3.c **** **     @brief
 155:../Generated_Code/BitIoLdd3.c **** **         Returns the input/output value. If the direction is [input]
 156:../Generated_Code/BitIoLdd3.c **** **         then the input value of the pin is read and returned. If the
 157:../Generated_Code/BitIoLdd3.c **** **         direction is [output] then the last written value is read
 158:../Generated_Code/BitIoLdd3.c **** **         and returned (see <Safe mode> property for limitations).
 159:../Generated_Code/BitIoLdd3.c **** **         This method cannot be disabled if direction is [input].
 160:../Generated_Code/BitIoLdd3.c **** **     @param
 161:../Generated_Code/BitIoLdd3.c **** **         DeviceDataPtr   - Device data structure
 162:../Generated_Code/BitIoLdd3.c **** **                           pointer returned by <Init> method.
 163:../Generated_Code/BitIoLdd3.c **** **     @return
 164:../Generated_Code/BitIoLdd3.c **** **                         - Input or output value. Possible values:
 165:../Generated_Code/BitIoLdd3.c **** **                           <false> - logical "0" (Low level)
 166:../Generated_Code/BitIoLdd3.c **** **                           <true> - logical "1" (High level)
 167:../Generated_Code/BitIoLdd3.c **** */
 168:../Generated_Code/BitIoLdd3.c **** /* ===================================================================*/
 169:../Generated_Code/BitIoLdd3.c **** bool BitIoLdd3_GetVal(LDD_TDeviceData *DeviceDataPtr)
 170:../Generated_Code/BitIoLdd3.c **** {
  93              		.loc 1 170 0
  94              		.cfi_startproc
  95              	.LVL4:
 171:../Generated_Code/BitIoLdd3.c ****   uint32_t PortData;                   /* Port data masked according to the bit used */
 172:../Generated_Code/BitIoLdd3.c **** 
 173:../Generated_Code/BitIoLdd3.c ****   (void)DeviceDataPtr;                 /* Parameter is not used, suppress unused argument warning *
 174:../Generated_Code/BitIoLdd3.c ****   PortData = GPIO_PDD_GetPortDataOutput(BitIoLdd3_MODULE_BASE_ADDRESS) & BitIoLdd3_PORT_MASK;
  96              		.loc 1 174 0
  97 0000 024B     		ldr	r3, .L5
 175:../Generated_Code/BitIoLdd3.c ****   return (PortData != 0U) ? (bool)TRUE : (bool)FALSE;
 176:../Generated_Code/BitIoLdd3.c **** }
  98              		.loc 1 176 0
  99              		@ sp needed for prologue
 174:../Generated_Code/BitIoLdd3.c ****   PortData = GPIO_PDD_GetPortDataOutput(BitIoLdd3_MODULE_BASE_ADDRESS) & BitIoLdd3_PORT_MASK;
 100              		.loc 1 174 0
 101 0002 1868     		ldr	r0, [r3]
 102              	.LVL5:
 175:../Generated_Code/BitIoLdd3.c ****   return (PortData != 0U) ? (bool)TRUE : (bool)FALSE;
 103              		.loc 1 175 0
 104 0004 4103     		lsl	r1, r0, #13
 105 0006 C80F     		lsr	r0, r1, #31
 106              	.LVL6:
 107              		.loc 1 176 0
 108 0008 7047     		bx	lr
 109              	.L6:
 110 000a C046     		.align	2
 111              	.L5:
 112 000c 40F00FF8 		.word	-133173184
 113              		.cfi_endproc
 114              	.LFE1:
 116              		.section	.text.BitIoLdd3_ClrVal,"ax",%progbits
 117              		.align	1
 118              		.global	BitIoLdd3_ClrVal
 119              		.code	16
 120              		.thumb_func
 122              	BitIoLdd3_ClrVal:
 123              	.LFB2:
 177:../Generated_Code/BitIoLdd3.c **** 
 178:../Generated_Code/BitIoLdd3.c **** /*
 179:../Generated_Code/BitIoLdd3.c **** ** ===================================================================
 180:../Generated_Code/BitIoLdd3.c **** **     Method      :  BitIoLdd3_ClrVal (component BitIO_LDD)
 181:../Generated_Code/BitIoLdd3.c **** */
 182:../Generated_Code/BitIoLdd3.c **** /*!
 183:../Generated_Code/BitIoLdd3.c **** **     @brief
 184:../Generated_Code/BitIoLdd3.c **** **         Clears (set to zero) the output value. It is equivalent to
 185:../Generated_Code/BitIoLdd3.c **** **         the [PutVal(FALSE)]. This method is available only if the
 186:../Generated_Code/BitIoLdd3.c **** **         direction = _[output]_ or _[input/output]_.
 187:../Generated_Code/BitIoLdd3.c **** **     @param
 188:../Generated_Code/BitIoLdd3.c **** **         DeviceDataPtr   - Pointer to device data
 189:../Generated_Code/BitIoLdd3.c **** **                           structure returned by <Init> method.
 190:../Generated_Code/BitIoLdd3.c **** */
 191:../Generated_Code/BitIoLdd3.c **** /* ===================================================================*/
 192:../Generated_Code/BitIoLdd3.c **** void BitIoLdd3_ClrVal(LDD_TDeviceData *DeviceDataPtr)
 193:../Generated_Code/BitIoLdd3.c **** {
 124              		.loc 1 193 0
 125              		.cfi_startproc
 126              	.LVL7:
 194:../Generated_Code/BitIoLdd3.c ****   (void)DeviceDataPtr;                 /* Parameter is not used, suppress unused argument warning *
 195:../Generated_Code/BitIoLdd3.c ****   GPIO_PDD_ClearPortDataOutputMask(BitIoLdd3_MODULE_BASE_ADDRESS, BitIoLdd3_PORT_MASK);
 127              		.loc 1 195 0
 128 0000 8022     		mov	r2, #128
 129 0002 024B     		ldr	r3, .L8
 130 0004 D002     		lsl	r0, r2, #11
 131              	.LVL8:
 132 0006 9860     		str	r0, [r3, #8]
 196:../Generated_Code/BitIoLdd3.c **** }
 133              		.loc 1 196 0
 134              		@ sp needed for prologue
 135 0008 7047     		bx	lr
 136              	.L9:
 137 000a C046     		.align	2
 138              	.L8:
 139 000c 40F00FF8 		.word	-133173184
 140              		.cfi_endproc
 141              	.LFE2:
 143              		.section	.text.BitIoLdd3_SetVal,"ax",%progbits
 144              		.align	1
 145              		.global	BitIoLdd3_SetVal
 146              		.code	16
 147              		.thumb_func
 149              	BitIoLdd3_SetVal:
 150              	.LFB3:
 197:../Generated_Code/BitIoLdd3.c **** 
 198:../Generated_Code/BitIoLdd3.c **** /*
 199:../Generated_Code/BitIoLdd3.c **** ** ===================================================================
 200:../Generated_Code/BitIoLdd3.c **** **     Method      :  BitIoLdd3_SetVal (component BitIO_LDD)
 201:../Generated_Code/BitIoLdd3.c **** */
 202:../Generated_Code/BitIoLdd3.c **** /*!
 203:../Generated_Code/BitIoLdd3.c **** **     @brief
 204:../Generated_Code/BitIoLdd3.c **** **         Sets (to one) the output value. It is equivalent to the
 205:../Generated_Code/BitIoLdd3.c **** **         [PutVal(TRUE)]. This method is available only if the
 206:../Generated_Code/BitIoLdd3.c **** **         direction = _[output]_ or _[input/output]_.
 207:../Generated_Code/BitIoLdd3.c **** **     @param
 208:../Generated_Code/BitIoLdd3.c **** **         DeviceDataPtr   - Pointer to device data
 209:../Generated_Code/BitIoLdd3.c **** **                           structure returned by <Init> method.
 210:../Generated_Code/BitIoLdd3.c **** */
 211:../Generated_Code/BitIoLdd3.c **** /* ===================================================================*/
 212:../Generated_Code/BitIoLdd3.c **** void BitIoLdd3_SetVal(LDD_TDeviceData *DeviceDataPtr)
 213:../Generated_Code/BitIoLdd3.c **** {
 151              		.loc 1 213 0
 152              		.cfi_startproc
 153              	.LVL9:
 214:../Generated_Code/BitIoLdd3.c ****   (void)DeviceDataPtr;                 /* Parameter is not used, suppress unused argument warning *
 215:../Generated_Code/BitIoLdd3.c ****   GPIO_PDD_SetPortDataOutputMask(BitIoLdd3_MODULE_BASE_ADDRESS, BitIoLdd3_PORT_MASK);
 154              		.loc 1 215 0
 155 0000 8022     		mov	r2, #128
 156 0002 024B     		ldr	r3, .L11
 157 0004 D002     		lsl	r0, r2, #11
 158              	.LVL10:
 159 0006 5860     		str	r0, [r3, #4]
 216:../Generated_Code/BitIoLdd3.c **** }
 160              		.loc 1 216 0
 161              		@ sp needed for prologue
 162 0008 7047     		bx	lr
 163              	.L12:
 164 000a C046     		.align	2
 165              	.L11:
 166 000c 40F00FF8 		.word	-133173184
 167              		.cfi_endproc
 168              	.LFE3:
 170              		.section	.text.BitIoLdd3_NegVal,"ax",%progbits
 171              		.align	1
 172              		.global	BitIoLdd3_NegVal
 173              		.code	16
 174              		.thumb_func
 176              	BitIoLdd3_NegVal:
 177              	.LFB4:
 217:../Generated_Code/BitIoLdd3.c **** 
 218:../Generated_Code/BitIoLdd3.c **** /*
 219:../Generated_Code/BitIoLdd3.c **** ** ===================================================================
 220:../Generated_Code/BitIoLdd3.c **** **     Method      :  BitIoLdd3_NegVal (component BitIO_LDD)
 221:../Generated_Code/BitIoLdd3.c **** */
 222:../Generated_Code/BitIoLdd3.c **** /*!
 223:../Generated_Code/BitIoLdd3.c **** **     @brief
 224:../Generated_Code/BitIoLdd3.c **** **         Negates (inverts) the output value. It is equivalent to the
 225:../Generated_Code/BitIoLdd3.c **** **         [PutVal(!GetVal())]. This method is available only if the
 226:../Generated_Code/BitIoLdd3.c **** **         direction = _[output]_ or _[input/output]_.
 227:../Generated_Code/BitIoLdd3.c **** **     @param
 228:../Generated_Code/BitIoLdd3.c **** **         DeviceDataPtr   - Pointer to device data
 229:../Generated_Code/BitIoLdd3.c **** **                           structure returned by <Init> method.
 230:../Generated_Code/BitIoLdd3.c **** */
 231:../Generated_Code/BitIoLdd3.c **** /* ===================================================================*/
 232:../Generated_Code/BitIoLdd3.c **** void BitIoLdd3_NegVal(LDD_TDeviceData *DeviceDataPtr)
 233:../Generated_Code/BitIoLdd3.c **** {
 178              		.loc 1 233 0
 179              		.cfi_startproc
 180              	.LVL11:
 234:../Generated_Code/BitIoLdd3.c ****   (void)DeviceDataPtr;                 /* Parameter is not used, suppress unused argument warning *
 235:../Generated_Code/BitIoLdd3.c ****   GPIO_PDD_TogglePortDataOutputMask(BitIoLdd3_MODULE_BASE_ADDRESS, BitIoLdd3_PORT_MASK);
 181              		.loc 1 235 0
 182 0000 8022     		mov	r2, #128
 183 0002 024B     		ldr	r3, .L14
 184 0004 D002     		lsl	r0, r2, #11
 185              	.LVL12:
 186 0006 D860     		str	r0, [r3, #12]
 236:../Generated_Code/BitIoLdd3.c **** }
 187              		.loc 1 236 0
 188              		@ sp needed for prologue
 189 0008 7047     		bx	lr
 190              	.L15:
 191 000a C046     		.align	2
 192              	.L14:
 193 000c 40F00FF8 		.word	-133173184
 194              		.cfi_endproc
 195              	.LFE4:
 197              		.text
 198              	.Letext0:
 199              		.file 2 "C:/Freescale/CW MCU v10.6/MCU/ARM_GCC_Support/ewl/EWL_C/include/cstdint"
 200              		.file 3 "../Generated_Code/PE_Types.h"
 201              		.file 4 "C:/Freescale/CW MCU v10.6/MCU/ProcessorExpert/lib/Kinetis/iofiles/MKL25Z4.h"
DEFINED SYMBOLS
                            *ABS*:00000000 BitIoLdd3.c
C:\Users\Franco\AppData\Local\Temp\ccFIrtdU.s:18     .text.BitIoLdd3_Init:00000000 $t
C:\Users\Franco\AppData\Local\Temp\ccFIrtdU.s:23     .text.BitIoLdd3_Init:00000000 BitIoLdd3_Init
C:\Users\Franco\AppData\Local\Temp\ccFIrtdU.s:77     .text.BitIoLdd3_Init:00000038 $d
C:\Users\Franco\AppData\Local\Temp\ccFIrtdU.s:86     .text.BitIoLdd3_GetVal:00000000 $t
C:\Users\Franco\AppData\Local\Temp\ccFIrtdU.s:91     .text.BitIoLdd3_GetVal:00000000 BitIoLdd3_GetVal
C:\Users\Franco\AppData\Local\Temp\ccFIrtdU.s:112    .text.BitIoLdd3_GetVal:0000000c $d
C:\Users\Franco\AppData\Local\Temp\ccFIrtdU.s:117    .text.BitIoLdd3_ClrVal:00000000 $t
C:\Users\Franco\AppData\Local\Temp\ccFIrtdU.s:122    .text.BitIoLdd3_ClrVal:00000000 BitIoLdd3_ClrVal
C:\Users\Franco\AppData\Local\Temp\ccFIrtdU.s:139    .text.BitIoLdd3_ClrVal:0000000c $d
C:\Users\Franco\AppData\Local\Temp\ccFIrtdU.s:144    .text.BitIoLdd3_SetVal:00000000 $t
C:\Users\Franco\AppData\Local\Temp\ccFIrtdU.s:149    .text.BitIoLdd3_SetVal:00000000 BitIoLdd3_SetVal
C:\Users\Franco\AppData\Local\Temp\ccFIrtdU.s:166    .text.BitIoLdd3_SetVal:0000000c $d
C:\Users\Franco\AppData\Local\Temp\ccFIrtdU.s:171    .text.BitIoLdd3_NegVal:00000000 $t
C:\Users\Franco\AppData\Local\Temp\ccFIrtdU.s:176    .text.BitIoLdd3_NegVal:00000000 BitIoLdd3_NegVal
C:\Users\Franco\AppData\Local\Temp\ccFIrtdU.s:193    .text.BitIoLdd3_NegVal:0000000c $d
                     .debug_frame:00000010 $d

UNDEFINED SYMBOLS
pvPortMalloc
PE_LDD_DeviceDataList
